<?xml version="1.0" encoding="UTF-8"?>
<!-- Generated by org.testng.reporters.JUnitReportReporter -->
<testsuite hostname="DESKTOP-F211A8P" failures="0" tests="2" name="eproc.runner" time="0.011" errors="0" timestamp="2023-07-19T15:45:59 IST" skipped="0">
  <testcase classname="eproc.runner" name="main" time="0.010"/>
  <testcase classname="eproc.runner" name="main" time="0.001"/>
</testsuite> <!-- eproc.runner -->
