<?xml version="1.0" encoding="UTF-8"?>
<!-- Generated by org.testng.reporters.JUnitReportReporter -->
<testsuite hostname="DESKTOP-8HHF8GK" failures="0" tests="1" name="USerInterFace.LoginUITest" time="0.009" errors="0" timestamp="2023-07-27T15:49:17 IST" skipped="0">
  <testcase classname="USerInterFace.LoginUITest" name="f" time="0.009"/>
</testsuite> <!-- USerInterFace.LoginUITest -->
