<?xml version="1.0" encoding="UTF-8"?>
<!-- Generated by org.testng.reporters.JUnitReportReporter -->
<testsuite hostname="DESKTOP-8HHF8GK" failures="0" tests="9" name="USerInterFace.TestCaseTest" time="0.032" errors="0" timestamp="2023-07-27T19:00:19 IST" skipped="0">
  <testcase classname="USerInterFace.TestCaseTest" name="login" time="0.006"/>
  <testcase classname="USerInterFace.TestCaseTest" name="logout" time="0.002"/>
  <testcase classname="USerInterFace.TestCaseTest" name="button" time="0.003"/>
  <testcase classname="USerInterFace.TestCaseTest" name="passwword" time="0.002"/>
  <testcase classname="USerInterFace.TestCaseTest" name="Db" time="0.010"/>
  <testcase classname="USerInterFace.TestCaseTest" name="Db2" time="0.003"/>
  <testcase classname="USerInterFace.TestCaseTest" name="layout" time="0.001"/>
  <testcase classname="USerInterFace.TestCaseTest" name="validation" time="0.003"/>
  <testcase classname="USerInterFace.TestCaseTest" name="vimal" time="0.002"/>
</testsuite> <!-- USerInterFace.TestCaseTest -->
